# RAG Daily Update - 2026-04-10 02:01 AM SGT

## Summary
Successfully completed RAG daily update at 2026-04-10 02:01:49 AM SGT.

## Steps Performed
1. **Checked for recent memory files**: Found 10 memory files from the last 7 days
2. **Updated topic files**: No new content found to add to topics (content already indexed or didn't match classification rules)
3. **Rebuilt FAISS index**: Successfully rebuilt index with 88 chunks from 4 topic files
4. **Updated timestamp**: Updated rag_last_update.txt to 1775757709 (2026-04-10 02:01:49 AM SGT)

## System Status
- **FAISS index**: 88 chunks (increased from 75 chunks in previous build)
- **Topic files**: 4 files (finance.md, tech.md, projects.md, general.md)
- **Last update**: 2026-04-10 02:01:49 AM SGT
- **Next scheduled update**: 2026-04-11 02:00:00 AM SGT

## Verification
Test query "What is World Monitor Brief?" returned relevant results from projects.md and tech.md, confirming the RAG system is functioning correctly.

## Notes
The update script found 10 recent memory files but didn't add new content to topic files. This could be because:
- The content was already present in topic files
- The content didn't match the classification rules (keywords: finance, tech, projects)
- The content was too short or didn't meet the filtering criteria

Recommendation: Consider reviewing the classification rules in `update_rag_from_memory_v2.py` if important content is not being captured.